0 info it worked if it ends with ok
1 verbose cli [ '/Users/jterai-nikkei/.nvm/versions/node/v0.12.3/bin/node',
1 verbose cli   '/Users/jterai-nikkei/.nvm/versions/node/v0.12.3/bin/npm',
1 verbose cli   'install',
1 verbose cli   'Modernizr' ]
2 info using npm@2.9.1
3 info using node@v0.12.3
4 verbose install initial load of /Users/jterai-nikkei/Documents/Github/HackWeekForEN/app/src/package.json
5 warn package.json charts-lib-es6@0.0.1 No description
6 warn package.json charts-lib-es6@0.0.1 No repository field.
7 verbose installManyTop reading scoped package data from /Users/jterai-nikkei/Documents/Github/HackWeekForEN/app/src/node_modules/babel-eslint/package.json
8 verbose installManyTop reading scoped package data from /Users/jterai-nikkei/Documents/Github/HackWeekForEN/app/src/node_modules/babelify/package.json
9 verbose installManyTop reading scoped package data from /Users/jterai-nikkei/Documents/Github/HackWeekForEN/app/src/node_modules/bootstrap/package.json
10 verbose installManyTop reading scoped package data from /Users/jterai-nikkei/Documents/Github/HackWeekForEN/app/src/node_modules/browserify/package.json
11 verbose installManyTop reading scoped package data from /Users/jterai-nikkei/Documents/Github/HackWeekForEN/app/src/node_modules/d3/package.json
12 verbose installManyTop reading scoped package data from /Users/jterai-nikkei/Documents/Github/HackWeekForEN/app/src/node_modules/d3-cloud/package.json
13 verbose installManyTop reading scoped package data from /Users/jterai-nikkei/Documents/Github/HackWeekForEN/app/src/node_modules/eslint/package.json
14 verbose installManyTop reading scoped package data from /Users/jterai-nikkei/Documents/Github/HackWeekForEN/app/src/node_modules/glob/package.json
15 verbose installManyTop reading scoped package data from /Users/jterai-nikkei/Documents/Github/HackWeekForEN/app/src/node_modules/gulp/package.json
16 verbose installManyTop reading scoped package data from /Users/jterai-nikkei/Documents/Github/HackWeekForEN/app/src/node_modules/gulp-less/package.json
17 verbose installManyTop reading scoped package data from /Users/jterai-nikkei/Documents/Github/HackWeekForEN/app/src/node_modules/gulp-webserver/package.json
18 verbose installManyTop reading scoped package data from /Users/jterai-nikkei/Documents/Github/HackWeekForEN/app/src/node_modules/jquery/package.json
19 verbose installManyTop reading scoped package data from /Users/jterai-nikkei/Documents/Github/HackWeekForEN/app/src/node_modules/lodash/package.json
20 verbose installManyTop reading scoped package data from /Users/jterai-nikkei/Documents/Github/HackWeekForEN/app/src/node_modules/log/package.json
21 verbose installManyTop reading scoped package data from /Users/jterai-nikkei/Documents/Github/HackWeekForEN/app/src/node_modules/path/package.json
22 verbose installManyTop reading scoped package data from /Users/jterai-nikkei/Documents/Github/HackWeekForEN/app/src/node_modules/vinyl-source-stream/package.json
23 warn package.json log@1.4.0 No repository field.
24 warn package.json path@0.12.7 path is also the name of a node core module.
25 verbose readDependencies loading dependencies from /Users/jterai-nikkei/Documents/Github/HackWeekForEN/app/src/package.json
26 silly cache add args [ 'Modernizr', null ]
27 verbose cache add spec Modernizr
28 silly cache add parsed spec { raw: 'Modernizr',
28 silly cache add   scope: null,
28 silly cache add   name: 'Modernizr',
28 silly cache add   rawSpec: '',
28 silly cache add   spec: '*',
28 silly cache add   type: 'range' }
29 silly addNamed Modernizr@*
30 verbose addNamed "*" is a valid semver range for Modernizr
31 silly addNameRange { name: 'Modernizr', range: '*', hasData: false }
32 silly mapToRegistry name Modernizr
33 silly mapToRegistry using default registry
34 silly mapToRegistry registry https://registry.npmjs.org/
35 silly mapToRegistry uri https://registry.npmjs.org/Modernizr
36 verbose addNameRange registry:https://registry.npmjs.org/Modernizr not in flight; fetching
37 verbose request uri https://registry.npmjs.org/Modernizr
38 verbose request no auth needed
39 info attempt registry request try #1 at 12:50:48 PM
40 verbose request id 7cf1b4385acd91e5
41 http request GET https://registry.npmjs.org/Modernizr
42 http 404 https://registry.npmjs.org/Modernizr
43 verbose headers { 'content-type': 'application/json',
43 verbose headers   'cache-control': 'max-age=0',
43 verbose headers   'content-length': '2',
43 verbose headers   'accept-ranges': 'bytes',
43 verbose headers   date: 'Thu, 14 Jan 2016 20:50:48 GMT',
43 verbose headers   via: '1.1 varnish',
43 verbose headers   age: '0',
43 verbose headers   connection: 'keep-alive',
43 verbose headers   'x-served-by': 'cache-sjc3120-SJC',
43 verbose headers   'x-cache': 'MISS',
43 verbose headers   'x-cache-hits': '0',
43 verbose headers   'x-timer': 'S1452804648.906345,VS0,VE88' }
44 silly get cb [ 404,
44 silly get   { 'content-type': 'application/json',
44 silly get     'cache-control': 'max-age=0',
44 silly get     'content-length': '2',
44 silly get     'accept-ranges': 'bytes',
44 silly get     date: 'Thu, 14 Jan 2016 20:50:48 GMT',
44 silly get     via: '1.1 varnish',
44 silly get     age: '0',
44 silly get     connection: 'keep-alive',
44 silly get     'x-served-by': 'cache-sjc3120-SJC',
44 silly get     'x-cache': 'MISS',
44 silly get     'x-cache-hits': '0',
44 silly get     'x-timer': 'S1452804648.906345,VS0,VE88' } ]
45 verbose stack Error: Registry returned 404 for GET on https://registry.npmjs.org/Modernizr
45 verbose stack     at CachingRegistryClient.<anonymous> (/Users/jterai-nikkei/.nvm/versions/node/v0.12.3/lib/node_modules/npm/node_modules/npm-registry-client/lib/request.js:239:14)
45 verbose stack     at Request._callback (/Users/jterai-nikkei/.nvm/versions/node/v0.12.3/lib/node_modules/npm/node_modules/npm-registry-client/lib/request.js:170:14)
45 verbose stack     at Request.self.callback (/Users/jterai-nikkei/.nvm/versions/node/v0.12.3/lib/node_modules/npm/node_modules/request/request.js:368:22)
45 verbose stack     at Request.emit (events.js:110:17)
45 verbose stack     at Request.<anonymous> (/Users/jterai-nikkei/.nvm/versions/node/v0.12.3/lib/node_modules/npm/node_modules/request/request.js:1219:14)
45 verbose stack     at Request.emit (events.js:129:20)
45 verbose stack     at IncomingMessage.<anonymous> (/Users/jterai-nikkei/.nvm/versions/node/v0.12.3/lib/node_modules/npm/node_modules/request/request.js:1167:12)
45 verbose stack     at IncomingMessage.emit (events.js:129:20)
45 verbose stack     at _stream_readable.js:908:16
45 verbose stack     at process._tickCallback (node.js:355:11)
46 verbose statusCode 404
47 verbose pkgid Modernizr
48 verbose cwd /Users/jterai-nikkei/Documents/Github/HackWeekForEN/app/src
49 error Darwin 14.5.0
50 error argv "/Users/jterai-nikkei/.nvm/versions/node/v0.12.3/bin/node" "/Users/jterai-nikkei/.nvm/versions/node/v0.12.3/bin/npm" "install" "Modernizr"
51 error node v0.12.3
52 error npm  v2.9.1
53 error code E404
54 error 404 Registry returned 404 for GET on https://registry.npmjs.org/Modernizr
54 error 404
54 error 404 'Modernizr' is not in the npm registry.
54 error 404 You should bug the author to publish it (or use the name yourself!)
54 error 404 It was specified as a dependency of 'charts-lib-es6'
54 error 404
54 error 404 Note that you can also install from a
54 error 404 tarball, folder, http url, or git url.
55 verbose exit [ 1, true ]
